0 info it worked if it ends with ok
1 verbose cli [ '/usr/local/Cellar/node/7.3.0/bin/node',
1 verbose cli   '/usr/local/bin/npm',
1 verbose cli   'publish',
1 verbose cli   './' ]
2 info using npm@3.10.10
3 info using node@v7.3.0
4 verbose publish [ './' ]
5 silly cache add args [ './', null ]
6 verbose cache add spec ./
7 silly cache add parsed spec Result {
7 silly cache add   raw: './',
7 silly cache add   scope: null,
7 silly cache add   escapedName: null,
7 silly cache add   name: null,
7 silly cache add   rawSpec: './',
7 silly cache add   spec: '/Users/pete/reactalike',
7 silly cache add   type: 'directory' }
8 verbose addLocalDirectory /Users/pete/.npm/reactalike/1.0.0/package.tgz not in flight; packing
9 verbose correctMkdir /Users/pete/.npm correctMkdir not in flight; initializing
10 info lifecycle reactalike@1.0.0~prepublish: reactalike@1.0.0
11 silly lifecycle reactalike@1.0.0~prepublish: no script for prepublish, continuing
12 verbose tar pack [ '/Users/pete/.npm/reactalike/1.0.0/package.tgz',
12 verbose tar pack   '/Users/pete/reactalike' ]
13 verbose tarball /Users/pete/.npm/reactalike/1.0.0/package.tgz
14 verbose folder /Users/pete/reactalike
15 verbose addLocalTarball adding from inside cache /Users/pete/.npm/reactalike/1.0.0/package.tgz
16 verbose correctMkdir /Users/pete/.npm correctMkdir not in flight; initializing
17 silly cache afterAdd reactalike@1.0.0
18 verbose afterAdd /Users/pete/.npm/reactalike/1.0.0/package/package.json not in flight; writing
19 verbose correctMkdir /Users/pete/.npm correctMkdir not in flight; initializing
20 verbose afterAdd /Users/pete/.npm/reactalike/1.0.0/package/package.json written
21 silly publish { name: 'reactalike',
21 silly publish   version: '1.0.0',
21 silly publish   description: '"React-like library I made"',
21 silly publish   main: 'reactalike.js',
21 silly publish   scripts:
21 silly publish    { test: 'echo "Error: no test specified" && exit 1',
21 silly publish      build: 'webpack --config webpack.config.js' },
21 silly publish   repository:
21 silly publish    { type: 'git',
21 silly publish      url: 'git+https://github.com/MKwenhua/reactalike.git' },
21 silly publish   author: { name: 'Peter Halloran' },
21 silly publish   license: 'ISC',
21 silly publish   bugs: { url: 'https://github.com/MKwenhua/reactalike/issues' },
21 silly publish   homepage: 'https://github.com/MKwenhua/reactalike#readme',
21 silly publish   dependencies:
21 silly publish    { babel: '^6.5.2',
21 silly publish      'babel-core': '^6.17.0',
21 silly publish      'babel-loader': '^6.2.5',
21 silly publish      'babel-preset-es2015': '^6.16.0',
21 silly publish      babelify: '^7.3.0',
21 silly publish      browserify: '^13.1.0',
21 silly publish      gulp: '^3.9.1',
21 silly publish      'gulp-clean-css': '^2.0.13',
21 silly publish      'gulp-concat': '^2.6.0',
21 silly publish      'gulp-rename': '^1.2.2',
21 silly publish      'gulp-sourcemaps': '^2.1.1',
21 silly publish      'gulp-strip-css-comments': '^1.2.0',
21 silly publish      'gulp-util': '^3.0.7',
21 silly publish      'jsx-transform': '^2.3.0',
21 silly publish      moment: '^2.15.1',
21 silly publish      'run-sequence': '^1.2.2',
21 silly publish      'sort-by': '^1.1.1' },
21 silly publish   readme: '# Reactalike\nrandom React-like rendering engine \n\nwill add info later\n',
21 silly publish   readmeFilename: 'README.md',
21 silly publish   gitHead: 'aa3393bf2998f2a0f5c5d8bc574ced5d56c240a1',
21 silly publish   _id: 'reactalike@1.0.0',
21 silly publish   _shasum: '6bb338230d898eda8c28a71d2d1e219440786377',
21 silly publish   _from: '.' }
22 verbose getPublishConfig undefined
23 silly mapToRegistry name reactalike
24 silly mapToRegistry using default registry
25 silly mapToRegistry registry https://registry.npmjs.org/
26 silly mapToRegistry data Result {
26 silly mapToRegistry   raw: 'reactalike',
26 silly mapToRegistry   scope: null,
26 silly mapToRegistry   escapedName: 'reactalike',
26 silly mapToRegistry   name: 'reactalike',
26 silly mapToRegistry   rawSpec: '',
26 silly mapToRegistry   spec: 'latest',
26 silly mapToRegistry   type: 'tag' }
27 silly mapToRegistry uri https://registry.npmjs.org/reactalike
28 verbose publish registryBase https://registry.npmjs.org/
29 silly publish uploading /Users/pete/.npm/reactalike/1.0.0/package.tgz
30 verbose stack Error: auth required for publishing
30 verbose stack     at CachingRegistryClient.publish (/usr/local/lib/node_modules/npm/node_modules/npm-registry-client/lib/publish.js:30:14)
30 verbose stack     at /usr/local/lib/node_modules/npm/lib/publish.js:138:14
30 verbose stack     at mapToRegistry (/usr/local/lib/node_modules/npm/lib/utils/map-to-registry.js:62:3)
30 verbose stack     at publish_ (/usr/local/lib/node_modules/npm/lib/publish.js:107:3)
30 verbose stack     at Array.<anonymous> (/usr/local/lib/node_modules/npm/node_modules/slide/lib/bind-actor.js:15:8)
30 verbose stack     at LOOP (/usr/local/lib/node_modules/npm/node_modules/slide/lib/chain.js:15:14)
30 verbose stack     at LOOP (/usr/local/lib/node_modules/npm/node_modules/slide/lib/chain.js:14:28)
30 verbose stack     at chain (/usr/local/lib/node_modules/npm/node_modules/slide/lib/chain.js:20:5)
30 verbose stack     at /usr/local/lib/node_modules/npm/lib/publish.js:73:5
30 verbose stack     at RES (/usr/local/lib/node_modules/npm/node_modules/inflight/inflight.js:23:14)
31 verbose cwd /Users/pete/reactalike
32 error Darwin 15.5.0
33 error argv "/usr/local/Cellar/node/7.3.0/bin/node" "/usr/local/bin/npm" "publish" "./"
34 error node v7.3.0
35 error npm  v3.10.10
36 error code ENEEDAUTH
37 error need auth auth required for publishing
38 error need auth You need to authorize this machine using `npm adduser`
39 verbose exit [ 1, true ]
